[09-Jun-2019 04:25:01 UTC] PHP Fatal error:  Uncaught Error: Call to undefined function mysqli_connect() in C:\Users\Janet\Desktop\SENG300-HIVEMIND\pages\userHandler.php:14
Stack trace:
#0 C:\Users\Janet\Desktop\SENG300-HIVEMIND\pages\signup.php(25): include()
#1 {main}
  thrown in C:\Users\Janet\Desktop\SENG300-HIVEMIND\pages\userHandler.php on line 14
[09-Jun-2019 04:28:42 UTC] PHP Fatal error:  Uncaught Error: Call to undefined function mysqli_connect() in C:\Users\Janet\Desktop\SENG300-HIVEMIND\pages\userHandler.php:14
Stack trace:
#0 C:\Users\Janet\Desktop\SENG300-HIVEMIND\pages\signup.php(25): include()
#1 {main}
  thrown in C:\Users\Janet\Desktop\SENG300-HIVEMIND\pages\userHandler.php on line 14
[09-Jun-2019 04:31:54 UTC] PHP Fatal error:  Uncaught Error: Call to undefined function mysqli_connect() in C:\Users\Janet\Desktop\SENG300-HIVEMIND\pages\userHandler.php:14
Stack trace:
#0 C:\Users\Janet\Desktop\SENG300-HIVEMIND\pages\signup.php(25): include()
#1 {main}
  thrown in C:\Users\Janet\Desktop\SENG300-HIVEMIND\pages\userHandler.php on line 14
[09-Jun-2019 04:32:26 UTC] PHP Fatal error:  Uncaught Error: Call to undefined function mysqli_connect() in C:\Users\Janet\Desktop\SENG300-HIVEMIND\pages\userHandler.php:14
Stack trace:
#0 C:\Users\Janet\Desktop\SENG300-HIVEMIND\pages\signup.php(25): include()
#1 {main}
  thrown in C:\Users\Janet\Desktop\SENG300-HIVEMIND\pages\userHandler.php on line 14
[09-Jun-2019 05:09:17 UTC] PHP Fatal error:  Uncaught Error: Call to undefined function mysqli_connect() in C:\Users\Janet\Desktop\SENG300-HIVEMIND\pages\userHandler.php:14
Stack trace:
#0 C:\Users\Janet\Desktop\SENG300-HIVEMIND\pages\signup.php(25): include()
#1 {main}
  thrown in C:\Users\Janet\Desktop\SENG300-HIVEMIND\pages\userHandler.php on line 14
[09-Jun-2019 05:09:52 UTC] PHP Fatal error:  Uncaught Error: Call to undefined function mysqli_connect() in C:\Users\Janet\Desktop\SENG300-HIVEMIND\pages\userHandler.php:14
Stack trace:
#0 C:\Users\Janet\Desktop\SENG300-HIVEMIND\pages\signup.php(25): include()
#1 {main}
  thrown in C:\Users\Janet\Desktop\SENG300-HIVEMIND\pages\userHandler.php on line 14
[09-Jun-2019 05:20:34 UTC] PHP Fatal error:  Uncaught Error: Call to undefined function mysqli_connect() in C:\Users\Janet\Desktop\SENG300-HIVEMIND\pages\userHandler.php:14
Stack trace:
#0 C:\Users\Janet\Desktop\SENG300-HIVEMIND\pages\signup.php(25): include()
#1 {main}
  thrown in C:\Users\Janet\Desktop\SENG300-HIVEMIND\pages\userHandler.php on line 14
[09-Jun-2019 05:22:03 UTC] PHP Fatal error:  Uncaught Error: Call to undefined function mysqli_connect() in C:\Users\Janet\Desktop\SENG300-HIVEMIND\pages\userHandler.php:14
Stack trace:
#0 {main}
  thrown in C:\Users\Janet\Desktop\SENG300-HIVEMIND\pages\userHandler.php on line 14
[09-Jun-2019 05:33:05 UTC] PHP Fatal error:  Uncaught Error: Call to undefined function mysqli_connect() in C:\Users\Janet\Desktop\SENG300-HIVEMIND\pages\userHandler.php:14
Stack trace:
#0 {main}
  thrown in C:\Users\Janet\Desktop\SENG300-HIVEMIND\pages\userHandler.php on line 14
[09-Jun-2019 05:33:07 UTC] PHP Fatal error:  Uncaught Error: Call to undefined function mysqli_connect() in C:\Users\Janet\Desktop\SENG300-HIVEMIND\pages\userHandler.php:14
Stack trace:
#0 {main}
  thrown in C:\Users\Janet\Desktop\SENG300-HIVEMIND\pages\userHandler.php on line 14
[09-Jun-2019 05:33:09 UTC] PHP Fatal error:  Uncaught Error: Call to undefined function mysqli_connect() in C:\Users\Janet\Desktop\SENG300-HIVEMIND\pages\userHandler.php:14
Stack trace:
#0 {main}
  thrown in C:\Users\Janet\Desktop\SENG300-HIVEMIND\pages\userHandler.php on line 14
[09-Jun-2019 05:33:10 UTC] PHP Fatal error:  Uncaught Error: Call to undefined function mysqli_connect() in C:\Users\Janet\Desktop\SENG300-HIVEMIND\pages\userHandler.php:14
Stack trace:
#0 C:\Users\Janet\Desktop\SENG300-HIVEMIND\pages\signup.php(25): include()
#1 {main}
  thrown in C:\Users\Janet\Desktop\SENG300-HIVEMIND\pages\userHandler.php on line 14
[09-Jun-2019 05:33:20 UTC] PHP Fatal error:  Uncaught Error: Call to undefined function mysqli_connect() in C:\Users\Janet\Desktop\SENG300-HIVEMIND\pages\userHandler.php:14
Stack trace:
#0 C:\Users\Janet\Desktop\SENG300-HIVEMIND\pages\signup.php(25): include()
#1 {main}
  thrown in C:\Users\Janet\Desktop\SENG300-HIVEMIND\pages\userHandler.php on line 14
[09-Jun-2019 05:33:43 UTC] PHP Fatal error:  Uncaught Error: Call to undefined function mysqli_connect() in C:\Users\Janet\Desktop\SENG300-HIVEMIND\pages\userHandler.php:14
Stack trace:
#0 {main}
  thrown in C:\Users\Janet\Desktop\SENG300-HIVEMIND\pages\userHandler.php on line 14
[09-Jun-2019 05:40:54 UTC] PHP Fatal error:  Uncaught Error: Call to undefined function mysqli_connect() in C:\Users\Janet\Desktop\SENG300-HIVEMIND\pages\userHandler.php:14
Stack trace:
#0 {main}
  thrown in C:\Users\Janet\Desktop\SENG300-HIVEMIND\pages\userHandler.php on line 14
[09-Jun-2019 05:40:54 UTC] PHP Fatal error:  Uncaught Error: Call to undefined function mysqli_connect() in C:\Users\Janet\Desktop\SENG300-HIVEMIND\pages\userHandler.php:14
Stack trace:
#0 {main}
  thrown in C:\Users\Janet\Desktop\SENG300-HIVEMIND\pages\userHandler.php on line 14
[09-Jun-2019 05:40:55 UTC] PHP Fatal error:  Uncaught Error: Call to undefined function mysqli_connect() in C:\Users\Janet\Desktop\SENG300-HIVEMIND\pages\userHandler.php:14
Stack trace:
#0 C:\Users\Janet\Desktop\SENG300-HIVEMIND\pages\signup.php(25): include()
#1 {main}
  thrown in C:\Users\Janet\Desktop\SENG300-HIVEMIND\pages\userHandler.php on line 14
[09-Jun-2019 05:40:58 UTC] PHP Fatal error:  Uncaught Error: Call to undefined function mysqli_connect() in C:\Users\Janet\Desktop\SENG300-HIVEMIND\pages\userHandler.php:14
Stack trace:
#0 C:\Users\Janet\Desktop\SENG300-HIVEMIND\pages\signup.php(25): include()
#1 {main}
  thrown in C:\Users\Janet\Desktop\SENG300-HIVEMIND\pages\userHandler.php on line 14
[09-Jun-2019 05:41:41 UTC] PHP Fatal error:  Uncaught Error: Call to undefined function mysqli_connect() in C:\Users\Janet\Desktop\SENG300-HIVEMIND\pages\userHandler.php:14
Stack trace:
#0 C:\Users\Janet\Desktop\SENG300-HIVEMIND\pages\signup.php(25): include()
#1 {main}
  thrown in C:\Users\Janet\Desktop\SENG300-HIVEMIND\pages\userHandler.php on line 14
[09-Jun-2019 05:59:35 UTC] PHP Fatal error:  Uncaught Error: Call to undefined function mysqli_connect() in C:\Users\Janet\Desktop\SENG300-HIVEMIND\pages\userHandler.php:14
Stack trace:
#0 C:\Users\Janet\Desktop\SENG300-HIVEMIND\pages\signup.php(25): include()
#1 {main}
  thrown in C:\Users\Janet\Desktop\SENG300-HIVEMIND\pages\userHandler.php on line 14
[09-Jun-2019 05:59:39 UTC] PHP Fatal error:  Uncaught Error: Call to undefined function mysqli_connect() in C:\Users\Janet\Desktop\SENG300-HIVEMIND\pages\userHandler.php:14
Stack trace:
#0 C:\Users\Janet\Desktop\SENG300-HIVEMIND\pages\signup.php(25): include()
#1 {main}
  thrown in C:\Users\Janet\Desktop\SENG300-HIVEMIND\pages\userHandler.php on line 14
[09-Jun-2019 05:59:43 UTC] PHP Fatal error:  Uncaught Error: Call to undefined function mysqli_connect() in C:\Users\Janet\Desktop\SENG300-HIVEMIND\pages\userHandler.php:14
Stack trace:
#0 C:\Users\Janet\Desktop\SENG300-HIVEMIND\pages\login.php(21): include()
#1 {main}
  thrown in C:\Users\Janet\Desktop\SENG300-HIVEMIND\pages\userHandler.php on line 14
[09-Jun-2019 05:59:50 UTC] PHP Fatal error:  Uncaught Error: Call to undefined function mysqli_connect() in C:\Users\Janet\Desktop\SENG300-HIVEMIND\pages\userHandler.php:14
Stack trace:
#0 C:\Users\Janet\Desktop\SENG300-HIVEMIND\pages\signup.php(25): include()
#1 {main}
  thrown in C:\Users\Janet\Desktop\SENG300-HIVEMIND\pages\userHandler.php on line 14
[09-Jun-2019 05:59:56 UTC] PHP Fatal error:  Uncaught Error: Call to undefined function mysqli_connect() in C:\Users\Janet\Desktop\SENG300-HIVEMIND\pages\userHandler.php:14
Stack trace:
#0 C:\Users\Janet\Desktop\SENG300-HIVEMIND\pages\login.php(21): include()
#1 {main}
  thrown in C:\Users\Janet\Desktop\SENG300-HIVEMIND\pages\userHandler.php on line 14
[09-Jun-2019 06:00:29 UTC] PHP Fatal error:  Uncaught Error: Call to undefined function mysqli_connect() in C:\Users\Janet\Desktop\SENG300-HIVEMIND\pages\userHandler.php:14
Stack trace:
#0 C:\Users\Janet\Desktop\SENG300-HIVEMIND\pages\signup.php(25): include()
#1 {main}
  thrown in C:\Users\Janet\Desktop\SENG300-HIVEMIND\pages\userHandler.php on line 14
[09-Jun-2019 06:00:34 UTC] PHP Fatal error:  Uncaught Error: Call to undefined function mysqli_connect() in C:\Users\Janet\Desktop\SENG300-HIVEMIND\pages\userHandler.php:14
Stack trace:
#0 C:\Users\Janet\Desktop\SENG300-HIVEMIND\pages\login.php(21): include()
#1 {main}
  thrown in C:\Users\Janet\Desktop\SENG300-HIVEMIND\pages\userHandler.php on line 14
[09-Jun-2019 06:00:39 UTC] PHP Fatal error:  Uncaught Error: Call to undefined function mysqli_connect() in C:\Users\Janet\Desktop\SENG300-HIVEMIND\pages\userHandler.php:14
Stack trace:
#0 C:\Users\Janet\Desktop\SENG300-HIVEMIND\pages\signup.php(25): include()
#1 {main}
  thrown in C:\Users\Janet\Desktop\SENG300-HIVEMIND\pages\userHandler.php on line 14
[09-Jun-2019 06:05:57 UTC] PHP Fatal error:  Uncaught Error: Call to undefined function mysqli_connect() in C:\Users\Janet\Desktop\SENG300-HIVEMIND\pages\userHandler.php:14
Stack trace:
#0 C:\Users\Janet\Desktop\SENG300-HIVEMIND\pages\signup.php(25): include()
#1 {main}
  thrown in C:\Users\Janet\Desktop\SENG300-HIVEMIND\pages\userHandler.php on line 14
[09-Jun-2019 06:07:58 UTC] PHP Fatal error:  Uncaught Error: Call to undefined function mysqli_connect() in C:\Users\Janet\Desktop\SENG300-HIVEMIND\pages\userHandler.php:14
Stack trace:
#0 C:\Users\Janet\Desktop\SENG300-HIVEMIND\pages\signup.php(25): include()
#1 {main}
  thrown in C:\Users\Janet\Desktop\SENG300-HIVEMIND\pages\userHandler.php on line 14
[09-Jun-2019 06:08:19 UTC] PHP Fatal error:  Uncaught Error: Call to undefined function mysqli_connect() in C:\Users\Janet\Desktop\SENG300-HIVEMIND\pages\userHandler.php:14
Stack trace:
#0 C:\Users\Janet\Desktop\SENG300-HIVEMIND\pages\signup.php(25): include()
#1 {main}
  thrown in C:\Users\Janet\Desktop\SENG300-HIVEMIND\pages\userHandler.php on line 14
[09-Jun-2019 06:08:44 UTC] PHP Fatal error:  Uncaught Error: Call to undefined function mysqli_connect() in C:\Users\Janet\Desktop\SENG300-HIVEMIND\pages\userHandler.php:14
Stack trace:
#0 C:\Users\Janet\Desktop\SENG300-HIVEMIND\pages\signup.php(25): include()
#1 {main}
  thrown in C:\Users\Janet\Desktop\SENG300-HIVEMIND\pages\userHandler.php on line 14
[09-Jun-2019 06:08:48 UTC] PHP Fatal error:  Uncaught Error: Call to undefined function mysqli_connect() in C:\Users\Janet\Desktop\SENG300-HIVEMIND\pages\userHandler.php:14
Stack trace:
#0 C:\Users\Janet\Desktop\SENG300-HIVEMIND\pages\login.php(21): include()
#1 {main}
  thrown in C:\Users\Janet\Desktop\SENG300-HIVEMIND\pages\userHandler.php on line 14
[09-Jun-2019 06:28:15 UTC] PHP Warning:  mysqli_connect(): The server requested authentication method unknown to the client [caching_sha2_password] in C:\Users\Janet\Desktop\SENG300-HIVEMIND\pages\userHandler.php on line 14
[09-Jun-2019 06:28:15 UTC] PHP Warning:  mysqli_connect(): (HY000/2054): The server requested authentication method unknown to the client in C:\Users\Janet\Desktop\SENG300-HIVEMIND\pages\userHandler.php on line 14
[09-Jun-2019 06:45:49 UTC] PHP Warning:  mysqli_connect(): The server requested authentication method unknown to the client [caching_sha2_password] in C:\Users\Janet\Desktop\SENG300-HIVEMIND\pages\userHandler.php on line 14
[09-Jun-2019 06:45:49 UTC] PHP Warning:  mysqli_connect(): (HY000/2054): The server requested authentication method unknown to the client in C:\Users\Janet\Desktop\SENG300-HIVEMIND\pages\userHandler.php on line 14
[09-Jun-2019 06:45:49 UTC] PHP Warning:  mysqli_query() expects parameter 1 to be mysqli, bool given in C:\Users\Janet\Desktop\SENG300-HIVEMIND\pages\userHandler.php on line 26
[09-Jun-2019 06:45:49 UTC] PHP Warning:  mysqli_fetch_assoc() expects parameter 1 to be mysqli_result, null given in C:\Users\Janet\Desktop\SENG300-HIVEMIND\pages\userHandler.php on line 27
[09-Jun-2019 06:45:49 UTC] PHP Warning:  mysqli_query() expects parameter 1 to be mysqli, bool given in C:\Users\Janet\Desktop\SENG300-HIVEMIND\pages\userHandler.php on line 50
[09-Jun-2019 06:51:06 UTC] PHP Warning:  mysqli_connect(): The server requested authentication method unknown to the client [caching_sha2_password] in C:\Users\Janet\Desktop\SENG300-HIVEMIND\pages\userHandler.php on line 14
[09-Jun-2019 06:51:06 UTC] PHP Warning:  mysqli_connect(): (HY000/2054): The server requested authentication method unknown to the client in C:\Users\Janet\Desktop\SENG300-HIVEMIND\pages\userHandler.php on line 14
[09-Jun-2019 06:53:48 UTC] PHP Warning:  mysqli_connect(): The server requested authentication method unknown to the client [caching_sha2_password] in C:\Users\Janet\Desktop\SENG300-HIVEMIND\pages\userHandler.php on line 14
[09-Jun-2019 06:53:48 UTC] PHP Warning:  mysqli_connect(): (HY000/2054): The server requested authentication method unknown to the client in C:\Users\Janet\Desktop\SENG300-HIVEMIND\pages\userHandler.php on line 14
[09-Jun-2019 06:54:17 UTC] PHP Warning:  mysqli_connect(): The server requested authentication method unknown to the client [caching_sha2_password] in C:\Users\Janet\Desktop\SENG300-HIVEMIND\pages\userHandler.php on line 14
[09-Jun-2019 06:54:17 UTC] PHP Warning:  mysqli_connect(): (HY000/2054): The server requested authentication method unknown to the client in C:\Users\Janet\Desktop\SENG300-HIVEMIND\pages\userHandler.php on line 14
[09-Jun-2019 06:54:17 UTC] PHP Warning:  mysqli_query() expects parameter 1 to be mysqli, bool given in C:\Users\Janet\Desktop\SENG300-HIVEMIND\pages\userHandler.php on line 26
[09-Jun-2019 06:54:18 UTC] PHP Warning:  mysqli_fetch_assoc() expects parameter 1 to be mysqli_result, null given in C:\Users\Janet\Desktop\SENG300-HIVEMIND\pages\userHandler.php on line 27
[09-Jun-2019 06:54:18 UTC] PHP Warning:  mysqli_query() expects parameter 1 to be mysqli, bool given in C:\Users\Janet\Desktop\SENG300-HIVEMIND\pages\userHandler.php on line 50
[09-Jun-2019 06:54:35 UTC] PHP Warning:  mysqli_connect(): The server requested authentication method unknown to the client [caching_sha2_password] in C:\Users\Janet\Desktop\SENG300-HIVEMIND\pages\userHandler.php on line 14
[09-Jun-2019 06:54:35 UTC] PHP Warning:  mysqli_connect(): (HY000/2054): The server requested authentication method unknown to the client in C:\Users\Janet\Desktop\SENG300-HIVEMIND\pages\userHandler.php on line 14
[09-Jun-2019 06:54:54 UTC] PHP Warning:  mysqli_connect(): The server requested authentication method unknown to the client [caching_sha2_password] in C:\Users\Janet\Desktop\SENG300-HIVEMIND\pages\userHandler.php on line 14
[09-Jun-2019 06:54:54 UTC] PHP Warning:  mysqli_connect(): (HY000/2054): The server requested authentication method unknown to the client in C:\Users\Janet\Desktop\SENG300-HIVEMIND\pages\userHandler.php on line 14
[09-Jun-2019 06:54:54 UTC] PHP Warning:  mysqli_query() expects parameter 1 to be mysqli, bool given in C:\Users\Janet\Desktop\SENG300-HIVEMIND\pages\userHandler.php on line 26
[09-Jun-2019 06:54:54 UTC] PHP Warning:  mysqli_fetch_assoc() expects parameter 1 to be mysqli_result, null given in C:\Users\Janet\Desktop\SENG300-HIVEMIND\pages\userHandler.php on line 27
[09-Jun-2019 06:54:54 UTC] PHP Warning:  mysqli_query() expects parameter 1 to be mysqli, bool given in C:\Users\Janet\Desktop\SENG300-HIVEMIND\pages\userHandler.php on line 50
[09-Jun-2019 06:54:57 UTC] PHP Warning:  mysqli_connect(): The server requested authentication method unknown to the client [caching_sha2_password] in C:\Users\Janet\Desktop\SENG300-HIVEMIND\pages\userHandler.php on line 14
[09-Jun-2019 06:54:57 UTC] PHP Warning:  mysqli_connect(): (HY000/2054): The server requested authentication method unknown to the client in C:\Users\Janet\Desktop\SENG300-HIVEMIND\pages\userHandler.php on line 14
[09-Jun-2019 06:56:35 UTC] PHP Warning:  mysqli_connect(): The server requested authentication method unknown to the client [caching_sha2_password] in C:\Users\Janet\Desktop\SENG300-HIVEMIND\pages\userHandler.php on line 14
[09-Jun-2019 06:56:35 UTC] PHP Warning:  mysqli_connect(): (HY000/2054): The server requested authentication method unknown to the client in C:\Users\Janet\Desktop\SENG300-HIVEMIND\pages\userHandler.php on line 14
[09-Jun-2019 06:56:35 UTC] PHP Warning:  mysqli_query() expects parameter 1 to be mysqli, bool given in C:\Users\Janet\Desktop\SENG300-HIVEMIND\pages\userHandler.php on line 26
[09-Jun-2019 06:56:35 UTC] PHP Warning:  mysqli_fetch_assoc() expects parameter 1 to be mysqli_result, null given in C:\Users\Janet\Desktop\SENG300-HIVEMIND\pages\userHandler.php on line 27
[09-Jun-2019 06:57:24 UTC] PHP Warning:  mysqli_connect(): The server requested authentication method unknown to the client [caching_sha2_password] in C:\Users\Janet\Desktop\SENG300-HIVEMIND\pages\userHandler.php on line 14
[09-Jun-2019 06:57:24 UTC] PHP Warning:  mysqli_connect(): (HY000/2054): The server requested authentication method unknown to the client in C:\Users\Janet\Desktop\SENG300-HIVEMIND\pages\userHandler.php on line 14
[09-Jun-2019 06:57:31 UTC] PHP Warning:  mysqli_connect(): The server requested authentication method unknown to the client [caching_sha2_password] in C:\Users\Janet\Desktop\SENG300-HIVEMIND\pages\userHandler.php on line 14
[09-Jun-2019 06:57:31 UTC] PHP Warning:  mysqli_connect(): (HY000/2054): The server requested authentication method unknown to the client in C:\Users\Janet\Desktop\SENG300-HIVEMIND\pages\userHandler.php on line 14
[09-Jun-2019 06:57:40 UTC] PHP Warning:  mysqli_connect(): The server requested authentication method unknown to the client [caching_sha2_password] in C:\Users\Janet\Desktop\SENG300-HIVEMIND\pages\userHandler.php on line 14
[09-Jun-2019 06:57:40 UTC] PHP Warning:  mysqli_connect(): (HY000/2054): The server requested authentication method unknown to the client in C:\Users\Janet\Desktop\SENG300-HIVEMIND\pages\userHandler.php on line 14
[09-Jun-2019 06:57:40 UTC] PHP Warning:  mysqli_real_escape_string() expects parameter 1 to be mysqli, bool given in C:\Users\Janet\Desktop\SENG300-HIVEMIND\pages\userHandler.php on line 66
[09-Jun-2019 06:57:40 UTC] PHP Warning:  mysqli_real_escape_string() expects parameter 1 to be mysqli, bool given in C:\Users\Janet\Desktop\SENG300-HIVEMIND\pages\userHandler.php on line 67
[09-Jun-2019 06:57:51 UTC] PHP Warning:  mysqli_connect(): The server requested authentication method unknown to the client [caching_sha2_password] in C:\Users\Janet\Desktop\SENG300-HIVEMIND\pages\userHandler.php on line 14
[09-Jun-2019 06:57:51 UTC] PHP Warning:  mysqli_connect(): (HY000/2054): The server requested authentication method unknown to the client in C:\Users\Janet\Desktop\SENG300-HIVEMIND\pages\userHandler.php on line 14
[09-Jun-2019 06:57:51 UTC] PHP Warning:  mysqli_real_escape_string() expects parameter 1 to be mysqli, bool given in C:\Users\Janet\Desktop\SENG300-HIVEMIND\pages\userHandler.php on line 66
[09-Jun-2019 06:57:51 UTC] PHP Warning:  mysqli_real_escape_string() expects parameter 1 to be mysqli, bool given in C:\Users\Janet\Desktop\SENG300-HIVEMIND\pages\userHandler.php on line 67
[09-Jun-2019 06:57:59 UTC] PHP Warning:  mysqli_connect(): The server requested authentication method unknown to the client [caching_sha2_password] in C:\Users\Janet\Desktop\SENG300-HIVEMIND\pages\userHandler.php on line 14
[09-Jun-2019 06:57:59 UTC] PHP Warning:  mysqli_connect(): (HY000/2054): The server requested authentication method unknown to the client in C:\Users\Janet\Desktop\SENG300-HIVEMIND\pages\userHandler.php on line 14
[09-Jun-2019 06:58:03 UTC] PHP Warning:  mysqli_connect(): The server requested authentication method unknown to the client [caching_sha2_password] in C:\Users\Janet\Desktop\SENG300-HIVEMIND\pages\userHandler.php on line 14
[09-Jun-2019 06:58:03 UTC] PHP Warning:  mysqli_connect(): (HY000/2054): The server requested authentication method unknown to the client in C:\Users\Janet\Desktop\SENG300-HIVEMIND\pages\userHandler.php on line 14
[09-Jun-2019 06:58:13 UTC] PHP Warning:  mysqli_connect(): The server requested authentication method unknown to the client [caching_sha2_password] in C:\Users\Janet\Desktop\SENG300-HIVEMIND\pages\userHandler.php on line 14
[09-Jun-2019 06:58:13 UTC] PHP Warning:  mysqli_connect(): (HY000/2054): The server requested authentication method unknown to the client in C:\Users\Janet\Desktop\SENG300-HIVEMIND\pages\userHandler.php on line 14
[09-Jun-2019 06:58:13 UTC] PHP Warning:  mysqli_query() expects parameter 1 to be mysqli, bool given in C:\Users\Janet\Desktop\SENG300-HIVEMIND\pages\userHandler.php on line 26
[09-Jun-2019 06:58:13 UTC] PHP Warning:  mysqli_fetch_assoc() expects parameter 1 to be mysqli_result, null given in C:\Users\Janet\Desktop\SENG300-HIVEMIND\pages\userHandler.php on line 27
[09-Jun-2019 06:58:13 UTC] PHP Warning:  mysqli_query() expects parameter 1 to be mysqli, bool given in C:\Users\Janet\Desktop\SENG300-HIVEMIND\pages\userHandler.php on line 50
[09-Jun-2019 06:58:16 UTC] PHP Warning:  mysqli_connect(): The server requested authentication method unknown to the client [caching_sha2_password] in C:\Users\Janet\Desktop\SENG300-HIVEMIND\pages\userHandler.php on line 14
[09-Jun-2019 06:58:16 UTC] PHP Warning:  mysqli_connect(): (HY000/2054): The server requested authentication method unknown to the client in C:\Users\Janet\Desktop\SENG300-HIVEMIND\pages\userHandler.php on line 14
[09-Jun-2019 06:58:47 UTC] PHP Warning:  mysqli_connect(): The server requested authentication method unknown to the client [caching_sha2_password] in C:\Users\Janet\Desktop\SENG300-HIVEMIND\pages\userHandler.php on line 14
[09-Jun-2019 06:58:47 UTC] PHP Warning:  mysqli_connect(): (HY000/2054): The server requested authentication method unknown to the client in C:\Users\Janet\Desktop\SENG300-HIVEMIND\pages\userHandler.php on line 14
[09-Jun-2019 06:58:47 UTC] PHP Warning:  mysqli_query() expects parameter 1 to be mysqli, bool given in C:\Users\Janet\Desktop\SENG300-HIVEMIND\pages\userHandler.php on line 26
[09-Jun-2019 06:58:47 UTC] PHP Warning:  mysqli_fetch_assoc() expects parameter 1 to be mysqli_result, null given in C:\Users\Janet\Desktop\SENG300-HIVEMIND\pages\userHandler.php on line 27
[09-Jun-2019 06:58:47 UTC] PHP Warning:  mysqli_query() expects parameter 1 to be mysqli, bool given in C:\Users\Janet\Desktop\SENG300-HIVEMIND\pages\userHandler.php on line 50
[09-Jun-2019 06:58:49 UTC] PHP Warning:  mysqli_connect(): The server requested authentication method unknown to the client [caching_sha2_password] in C:\Users\Janet\Desktop\SENG300-HIVEMIND\pages\userHandler.php on line 14
[09-Jun-2019 06:58:49 UTC] PHP Warning:  mysqli_connect(): (HY000/2054): The server requested authentication method unknown to the client in C:\Users\Janet\Desktop\SENG300-HIVEMIND\pages\userHandler.php on line 14
[09-Jun-2019 06:59:33 UTC] PHP Warning:  mysqli_connect(): The server requested authentication method unknown to the client [caching_sha2_password] in C:\Users\Janet\Desktop\SENG300-HIVEMIND\pages\userHandler.php on line 14
[09-Jun-2019 06:59:33 UTC] PHP Warning:  mysqli_connect(): (HY000/2054): The server requested authentication method unknown to the client in C:\Users\Janet\Desktop\SENG300-HIVEMIND\pages\userHandler.php on line 14
[09-Jun-2019 06:59:47 UTC] PHP Warning:  mysqli_connect(): The server requested authentication method unknown to the client [caching_sha2_password] in C:\Users\Janet\Desktop\SENG300-HIVEMIND\pages\userHandler.php on line 14
[09-Jun-2019 06:59:47 UTC] PHP Warning:  mysqli_connect(): (HY000/2054): The server requested authentication method unknown to the client in C:\Users\Janet\Desktop\SENG300-HIVEMIND\pages\userHandler.php on line 14
[09-Jun-2019 06:59:47 UTC] PHP Warning:  mysqli_query() expects parameter 1 to be mysqli, bool given in C:\Users\Janet\Desktop\SENG300-HIVEMIND\pages\userHandler.php on line 26
[09-Jun-2019 06:59:47 UTC] PHP Warning:  mysqli_fetch_assoc() expects parameter 1 to be mysqli_result, null given in C:\Users\Janet\Desktop\SENG300-HIVEMIND\pages\userHandler.php on line 27
[09-Jun-2019 06:59:47 UTC] PHP Warning:  mysqli_query() expects parameter 1 to be mysqli, bool given in C:\Users\Janet\Desktop\SENG300-HIVEMIND\pages\userHandler.php on line 50
[09-Jun-2019 06:59:49 UTC] PHP Warning:  mysqli_connect(): The server requested authentication method unknown to the client [caching_sha2_password] in C:\Users\Janet\Desktop\SENG300-HIVEMIND\pages\userHandler.php on line 14
[09-Jun-2019 06:59:49 UTC] PHP Warning:  mysqli_connect(): (HY000/2054): The server requested authentication method unknown to the client in C:\Users\Janet\Desktop\SENG300-HIVEMIND\pages\userHandler.php on line 14
[10-Jun-2019 05:56:02 UTC] PHP Warning:  mysqli_connect(): (HY000/1049): Unknown database 'journal' in C:\Users\Janet\Desktop\SENG300-HIVEMIND\pages\userHandler.php on line 14
[10-Jun-2019 05:56:06 UTC] PHP Warning:  mysqli_connect(): (HY000/1049): Unknown database 'journal' in C:\Users\Janet\Desktop\SENG300-HIVEMIND\pages\userHandler.php on line 14
[10-Jun-2019 05:56:06 UTC] PHP Warning:  mysqli_real_escape_string() expects parameter 1 to be mysqli, bool given in C:\Users\Janet\Desktop\SENG300-HIVEMIND\pages\userHandler.php on line 66
[10-Jun-2019 05:56:06 UTC] PHP Warning:  mysqli_real_escape_string() expects parameter 1 to be mysqli, bool given in C:\Users\Janet\Desktop\SENG300-HIVEMIND\pages\userHandler.php on line 67
