[12-Jun-2019 00:01:09 UTC] PHP Notice:  Undefined index: paperUpload in C:\Users\Janet\Desktop\SENG300-HIVEMIND\pages\Dashboard\Writer\userHandler.php on line 120
[12-Jun-2019 00:05:22 UTC] PHP Notice:  Undefined index: paperUpload in C:\Users\Janet\Desktop\SENG300-HIVEMIND\pages\Dashboard\Writer\userHandler.php on line 120
[12-Jun-2019 00:14:55 UTC] PHP Notice:  Undefined index: reviewStatus.ReviewerFeedback in C:\Users\Janet\Desktop\SENG300-HIVEMIND\pages\Dashboard\Writer\writer.php on line 107
[14-Jun-2019 04:11:49 Europe/Berlin] PHP Notice:  Undefined index: reviewStatus.ReviewerFeedback in C:\xampp\htdocs\journal\pages\Dashboard\Writer\writer.php on line 107
[14-Jun-2019 04:12:34 Europe/Berlin] PHP Notice:  Undefined index: reviewStatus.ReviewerFeedback in C:\xampp\htdocs\journal\pages\Dashboard\Writer\writer.php on line 107
[14-Jun-2019 04:13:11 Europe/Berlin] PHP Notice:  Undefined index: reviewStatus.ReviewerFeedback in C:\xampp\htdocs\journal\pages\Dashboard\Writer\writer.php on line 107
[14-Jun-2019 04:13:42 Europe/Berlin] PHP Notice:  Undefined index: reviewStatus.ReviewerFeedback in C:\xampp\htdocs\journal\pages\Dashboard\Writer\writer.php on line 107
[14-Jun-2019 04:22:43 Europe/Berlin] PHP Notice:  Undefined index: reviewStatus.ReviewerFeedback in C:\xampp\htdocs\journal\pages\Dashboard\Writer\writer.php on line 107
[14-Jun-2019 04:27:10 Europe/Berlin] PHP Notice:  Undefined index: reviewStatus.ReviewerFeedback in C:\xampp\htdocs\journal\pages\Dashboard\Writer\writer.php on line 107
[14-Jun-2019 05:06:20 Europe/Berlin] PHP Notice:  Undefined index: reviewStatus.ReviewerFeedback in C:\xampp\htdocs\journal\pages\Dashboard\Writer\writer.php on line 107
[14-Jun-2019 05:07:01 Europe/Berlin] PHP Notice:  Undefined index: reviewStatus.ReviewerFeedback in C:\xampp\htdocs\journal\pages\Dashboard\Writer\writer.php on line 107
[14-Jun-2019 05:11:59 Europe/Berlin] PHP Notice:  Undefined index: reviewStatus.ReviewerFeedback in C:\xampp\htdocs\journal\pages\Dashboard\Writer\writer.php on line 108
[14-Jun-2019 05:27:06 Europe/Berlin] PHP Warning:  Unterminated comment starting line 54 in C:\xampp\htdocs\journal\pages\Dashboard\Writer\upload.php on line 54
[14-Jun-2019 05:27:06 Europe/Berlin] PHP Notice:  Undefined index: fileToUpload in C:\xampp\htdocs\journal\pages\Dashboard\Writer\upload.php on line 3
[14-Jun-2019 05:27:06 Europe/Berlin] PHP Notice:  Undefined index: reviewStatus.ReviewerFeedback in C:\xampp\htdocs\journal\pages\Dashboard\Writer\writer.php on line 110
[14-Jun-2019 05:28:31 Europe/Berlin] PHP Warning:  Unterminated comment starting line 54 in C:\xampp\htdocs\journal\pages\Dashboard\Writer\upload.php on line 54
[14-Jun-2019 05:28:31 Europe/Berlin] PHP Notice:  Undefined index: fileToUpload in C:\xampp\htdocs\journal\pages\Dashboard\Writer\upload.php on line 3
[14-Jun-2019 05:28:31 Europe/Berlin] PHP Notice:  Undefined index: reviewStatus.ReviewerFeedback in C:\xampp\htdocs\journal\pages\Dashboard\Writer\writer.php on line 110
[14-Jun-2019 05:28:39 Europe/Berlin] PHP Warning:  Unterminated comment starting line 54 in C:\xampp\htdocs\journal\pages\Dashboard\Writer\upload.php on line 54
[14-Jun-2019 05:28:39 Europe/Berlin] PHP Notice:  Undefined index: fileToUpload in C:\xampp\htdocs\journal\pages\Dashboard\Writer\upload.php on line 3
[14-Jun-2019 05:28:39 Europe/Berlin] PHP Notice:  Undefined index: reviewStatus.ReviewerFeedback in C:\xampp\htdocs\journal\pages\Dashboard\Writer\writer.php on line 110
[14-Jun-2019 05:28:44 Europe/Berlin] PHP Warning:  Unterminated comment starting line 54 in C:\xampp\htdocs\journal\pages\Dashboard\Writer\upload.php on line 54
[14-Jun-2019 05:28:44 Europe/Berlin] PHP Notice:  Undefined index: fileToUpload in C:\xampp\htdocs\journal\pages\Dashboard\Writer\upload.php on line 3
[14-Jun-2019 05:28:44 Europe/Berlin] PHP Notice:  Undefined index: reviewStatus.ReviewerFeedback in C:\xampp\htdocs\journal\pages\Dashboard\Writer\writer.php on line 110
[14-Jun-2019 05:28:51 Europe/Berlin] PHP Notice:  Undefined index: reviewStatus.ReviewerFeedback in C:\xampp\htdocs\journal\pages\Dashboard\Writer\writer.php on line 108
[14-Jun-2019 05:47:17 Europe/Berlin] PHP Notice:  Undefined index: reviewStatus.WriterFeedback in C:\xampp\htdocs\journal\pages\Dashboard\Writer\writer.php on line 108
[14-Jun-2019 05:50:38 Europe/Berlin] PHP Notice:  Undefined index: reviewStatus.WriterFeedback in C:\xampp\htdocs\journal\pages\Dashboard\Writer\writer.php on line 108
[14-Jun-2019 05:57:00 Europe/Berlin] PHP Notice:  Undefined index: reviewStatus.WriterFeedback in C:\xampp\htdocs\journal\pages\Dashboard\Writer\writer.php on line 108
[14-Jun-2019 06:07:24 Europe/Berlin] PHP Notice:  Undefined index: reviewStatus.WriterFeedback in C:\xampp\htdocs\journal\pages\Dashboard\Writer\writer.php on line 108
[14-Jun-2019 06:11:40 Europe/Berlin] PHP Notice:  Undefined index: reviewStatus.WriterFeedback in C:\xampp\htdocs\journal\pages\Dashboard\Writer\writer.php on line 108
[14-Jun-2019 06:11:43 Europe/Berlin] PHP Notice:  Undefined index: reviewStatus.WriterFeedback in C:\xampp\htdocs\journal\pages\Dashboard\Writer\writer.php on line 108
[14-Jun-2019 06:12:39 Europe/Berlin] PHP Notice:  Undefined index: reviewStatus.WriterFeedback in C:\xampp\htdocs\journal\pages\Dashboard\Writer\writer.php on line 108
[14-Jun-2019 06:12:44 Europe/Berlin] PHP Notice:  Undefined index: reviewStatus.WriterFeedback in C:\xampp\htdocs\journal\pages\Dashboard\Writer\writer.php on line 108
[14-Jun-2019 06:12:47 Europe/Berlin] PHP Notice:  Undefined index: reviewStatus.WriterFeedback in C:\xampp\htdocs\journal\pages\Dashboard\Writer\writer.php on line 108
[14-Jun-2019 06:14:49 Europe/Berlin] PHP Notice:  Undefined index: reviewStatus.WriterFeedback in C:\xampp\htdocs\journal\pages\Dashboard\Writer\writer.php on line 108
[14-Jun-2019 06:15:24 Europe/Berlin] PHP Notice:  Undefined index: reviewStatus.WriterFeedback in C:\xampp\htdocs\journal\pages\Dashboard\Writer\writer.php on line 108
[14-Jun-2019 06:21:22 Europe/Berlin] PHP Notice:  Undefined index: reviewStatus.WriterFeedback in C:\xampp\htdocs\journal\pages\Dashboard\Writer\writer.php on line 108
[14-Jun-2019 06:21:32 Europe/Berlin] PHP Notice:  Undefined index: reviewStatus.WriterFeedback in C:\xampp\htdocs\journal\pages\Dashboard\Writer\writer.php on line 108
[14-Jun-2019 06:24:36 Europe/Berlin] PHP Notice:  Undefined index: submissionProfile.submissionId in C:\xampp\htdocs\journal\pages\Dashboard\Writer\writer.php on line 104
[14-Jun-2019 06:24:36 Europe/Berlin] PHP Notice:  Undefined index: submissionProfile.paperTitle in C:\xampp\htdocs\journal\pages\Dashboard\Writer\writer.php on line 105
[14-Jun-2019 06:24:36 Europe/Berlin] PHP Notice:  Undefined index: submissionProfile.topic in C:\xampp\htdocs\journal\pages\Dashboard\Writer\writer.php on line 106
[14-Jun-2019 06:24:36 Europe/Berlin] PHP Notice:  Undefined index: submissionProfile.PaperStatus in C:\xampp\htdocs\journal\pages\Dashboard\Writer\writer.php on line 107
[14-Jun-2019 06:24:36 Europe/Berlin] PHP Notice:  Undefined index: reviewStatus.WriterFeedback in C:\xampp\htdocs\journal\pages\Dashboard\Writer\writer.php on line 108
[14-Jun-2019 06:27:32 Europe/Berlin] PHP Notice:  Undefined index: submissionProfile.submissionId in C:\xampp\htdocs\journal\pages\Dashboard\Writer\writer.php on line 104
[14-Jun-2019 06:27:32 Europe/Berlin] PHP Notice:  Undefined index: submissionProfile.paperTitle in C:\xampp\htdocs\journal\pages\Dashboard\Writer\writer.php on line 105
[14-Jun-2019 06:27:32 Europe/Berlin] PHP Notice:  Undefined index: submissionProfile.topic in C:\xampp\htdocs\journal\pages\Dashboard\Writer\writer.php on line 106
[14-Jun-2019 06:27:32 Europe/Berlin] PHP Notice:  Undefined index: submissionProfile.PaperStatus in C:\xampp\htdocs\journal\pages\Dashboard\Writer\writer.php on line 107
[14-Jun-2019 06:27:32 Europe/Berlin] PHP Notice:  Undefined index: reviewStatus.WriterFeedback in C:\xampp\htdocs\journal\pages\Dashboard\Writer\writer.php on line 108
[14-Jun-2019 06:27:33 Europe/Berlin] PHP Notice:  Undefined index: submissionProfile.submissionId in C:\xampp\htdocs\journal\pages\Dashboard\Writer\writer.php on line 104
[14-Jun-2019 06:27:33 Europe/Berlin] PHP Notice:  Undefined index: submissionProfile.paperTitle in C:\xampp\htdocs\journal\pages\Dashboard\Writer\writer.php on line 105
[14-Jun-2019 06:27:33 Europe/Berlin] PHP Notice:  Undefined index: submissionProfile.topic in C:\xampp\htdocs\journal\pages\Dashboard\Writer\writer.php on line 106
[14-Jun-2019 06:27:33 Europe/Berlin] PHP Notice:  Undefined index: submissionProfile.PaperStatus in C:\xampp\htdocs\journal\pages\Dashboard\Writer\writer.php on line 107
[14-Jun-2019 06:27:33 Europe/Berlin] PHP Notice:  Undefined index: reviewStatus.WriterFeedback in C:\xampp\htdocs\journal\pages\Dashboard\Writer\writer.php on line 108
[14-Jun-2019 06:27:35 Europe/Berlin] PHP Notice:  Undefined index: submissionProfile.submissionId in C:\xampp\htdocs\journal\pages\Dashboard\Writer\writer.php on line 104
[14-Jun-2019 06:27:35 Europe/Berlin] PHP Notice:  Undefined index: submissionProfile.paperTitle in C:\xampp\htdocs\journal\pages\Dashboard\Writer\writer.php on line 105
[14-Jun-2019 06:27:35 Europe/Berlin] PHP Notice:  Undefined index: submissionProfile.topic in C:\xampp\htdocs\journal\pages\Dashboard\Writer\writer.php on line 106
[14-Jun-2019 06:27:35 Europe/Berlin] PHP Notice:  Undefined index: submissionProfile.PaperStatus in C:\xampp\htdocs\journal\pages\Dashboard\Writer\writer.php on line 107
[14-Jun-2019 06:27:35 Europe/Berlin] PHP Notice:  Undefined index: reviewStatus.WriterFeedback in C:\xampp\htdocs\journal\pages\Dashboard\Writer\writer.php on line 108
[14-Jun-2019 06:27:41 Europe/Berlin] PHP Notice:  Undefined index: submissionProfile.submissionId in C:\xampp\htdocs\journal\pages\Dashboard\Writer\writer.php on line 104
[14-Jun-2019 06:27:41 Europe/Berlin] PHP Notice:  Undefined index: submissionProfile.paperTitle in C:\xampp\htdocs\journal\pages\Dashboard\Writer\writer.php on line 105
[14-Jun-2019 06:27:41 Europe/Berlin] PHP Notice:  Undefined index: submissionProfile.topic in C:\xampp\htdocs\journal\pages\Dashboard\Writer\writer.php on line 106
[14-Jun-2019 06:27:41 Europe/Berlin] PHP Notice:  Undefined index: submissionProfile.PaperStatus in C:\xampp\htdocs\journal\pages\Dashboard\Writer\writer.php on line 107
[14-Jun-2019 06:27:41 Europe/Berlin] PHP Notice:  Undefined index: reviewStatus.WriterFeedback in C:\xampp\htdocs\journal\pages\Dashboard\Writer\writer.php on line 108
[14-Jun-2019 06:31:13 Europe/Berlin] PHP Notice:  Undefined index: submissionProfile.submissionId in C:\xampp\htdocs\journal\pages\Dashboard\Writer\writer.php on line 104
[14-Jun-2019 06:31:13 Europe/Berlin] PHP Notice:  Undefined index: submissionProfile.paperTitle in C:\xampp\htdocs\journal\pages\Dashboard\Writer\writer.php on line 105
[14-Jun-2019 06:31:13 Europe/Berlin] PHP Notice:  Undefined index: submissionProfile.topic in C:\xampp\htdocs\journal\pages\Dashboard\Writer\writer.php on line 106
[14-Jun-2019 06:31:13 Europe/Berlin] PHP Notice:  Undefined index: submissionProfile.PaperStatus in C:\xampp\htdocs\journal\pages\Dashboard\Writer\writer.php on line 107
[14-Jun-2019 06:31:13 Europe/Berlin] PHP Notice:  Undefined index: reviewStatus.WriterFeedback in C:\xampp\htdocs\journal\pages\Dashboard\Writer\writer.php on line 108
[14-Jun-2019 06:32:45 Europe/Berlin] PHP Notice:  Undefined index: submissionProfile.submissionId in C:\xampp\htdocs\journal\pages\Dashboard\Writer\writer.php on line 104
[14-Jun-2019 06:32:45 Europe/Berlin] PHP Notice:  Undefined index: submissionProfile.paperTitle in C:\xampp\htdocs\journal\pages\Dashboard\Writer\writer.php on line 105
[14-Jun-2019 06:32:45 Europe/Berlin] PHP Notice:  Undefined index: submissionProfile.topic in C:\xampp\htdocs\journal\pages\Dashboard\Writer\writer.php on line 106
[14-Jun-2019 06:32:45 Europe/Berlin] PHP Notice:  Undefined index: submissionProfile.PaperStatus in C:\xampp\htdocs\journal\pages\Dashboard\Writer\writer.php on line 107
[14-Jun-2019 06:32:45 Europe/Berlin] PHP Notice:  Undefined index: reviewStatus.WriterFeedback in C:\xampp\htdocs\journal\pages\Dashboard\Writer\writer.php on line 108
[14-Jun-2019 06:37:38 Europe/Berlin] PHP Notice:  Undefined index: submissionProfile.submissionId in C:\xampp\htdocs\journal\pages\Dashboard\Writer\writer.php on line 104
[14-Jun-2019 06:37:38 Europe/Berlin] PHP Notice:  Undefined index: submissionProfile.paperTitle in C:\xampp\htdocs\journal\pages\Dashboard\Writer\writer.php on line 105
[14-Jun-2019 06:37:38 Europe/Berlin] PHP Notice:  Undefined index: submissionProfile.topic in C:\xampp\htdocs\journal\pages\Dashboard\Writer\writer.php on line 106
[14-Jun-2019 06:37:38 Europe/Berlin] PHP Notice:  Undefined index: submissionProfile.PaperStatus in C:\xampp\htdocs\journal\pages\Dashboard\Writer\writer.php on line 107
[14-Jun-2019 06:37:38 Europe/Berlin] PHP Notice:  Undefined index: reviewStatus.WriterFeedback in C:\xampp\htdocs\journal\pages\Dashboard\Writer\writer.php on line 108
[14-Jun-2019 06:37:40 Europe/Berlin] PHP Notice:  Undefined index: submissionProfile.submissionId in C:\xampp\htdocs\journal\pages\Dashboard\Writer\writer.php on line 104
[14-Jun-2019 06:37:40 Europe/Berlin] PHP Notice:  Undefined index: submissionProfile.paperTitle in C:\xampp\htdocs\journal\pages\Dashboard\Writer\writer.php on line 105
[14-Jun-2019 06:37:40 Europe/Berlin] PHP Notice:  Undefined index: submissionProfile.topic in C:\xampp\htdocs\journal\pages\Dashboard\Writer\writer.php on line 106
[14-Jun-2019 06:37:40 Europe/Berlin] PHP Notice:  Undefined index: submissionProfile.PaperStatus in C:\xampp\htdocs\journal\pages\Dashboard\Writer\writer.php on line 107
[14-Jun-2019 06:37:40 Europe/Berlin] PHP Notice:  Undefined index: reviewStatus.WriterFeedback in C:\xampp\htdocs\journal\pages\Dashboard\Writer\writer.php on line 108
[14-Jun-2019 06:38:49 Europe/Berlin] PHP Notice:  Undefined index: submissionProfile.submissionId in C:\xampp\htdocs\journal\pages\Dashboard\Writer\writer.php on line 104
[14-Jun-2019 06:38:49 Europe/Berlin] PHP Notice:  Undefined index: submissionProfile.paperTitle in C:\xampp\htdocs\journal\pages\Dashboard\Writer\writer.php on line 105
[14-Jun-2019 06:38:49 Europe/Berlin] PHP Notice:  Undefined index: submissionProfile.topic in C:\xampp\htdocs\journal\pages\Dashboard\Writer\writer.php on line 106
[14-Jun-2019 06:38:49 Europe/Berlin] PHP Notice:  Undefined index: submissionProfile.PaperStatus in C:\xampp\htdocs\journal\pages\Dashboard\Writer\writer.php on line 107
[14-Jun-2019 06:38:49 Europe/Berlin] PHP Notice:  Undefined index: reviewStatus.WriterFeedback in C:\xampp\htdocs\journal\pages\Dashboard\Writer\writer.php on line 108
[14-Jun-2019 06:38:51 Europe/Berlin] PHP Notice:  Undefined index: submissionProfile.submissionId in C:\xampp\htdocs\journal\pages\Dashboard\Writer\writer.php on line 104
[14-Jun-2019 06:38:51 Europe/Berlin] PHP Notice:  Undefined index: submissionProfile.paperTitle in C:\xampp\htdocs\journal\pages\Dashboard\Writer\writer.php on line 105
[14-Jun-2019 06:38:51 Europe/Berlin] PHP Notice:  Undefined index: submissionProfile.topic in C:\xampp\htdocs\journal\pages\Dashboard\Writer\writer.php on line 106
[14-Jun-2019 06:38:51 Europe/Berlin] PHP Notice:  Undefined index: submissionProfile.PaperStatus in C:\xampp\htdocs\journal\pages\Dashboard\Writer\writer.php on line 107
[14-Jun-2019 06:38:51 Europe/Berlin] PHP Notice:  Undefined index: reviewStatus.WriterFeedback in C:\xampp\htdocs\journal\pages\Dashboard\Writer\writer.php on line 108
[14-Jun-2019 06:46:47 Europe/Berlin] PHP Notice:  Undefined index: submissionProfile.submissionId in C:\xampp\htdocs\journal\pages\Dashboard\Writer\writer.php on line 113
[14-Jun-2019 06:46:47 Europe/Berlin] PHP Notice:  Undefined index: submissionProfile.paperTitle in C:\xampp\htdocs\journal\pages\Dashboard\Writer\writer.php on line 114
[14-Jun-2019 06:46:47 Europe/Berlin] PHP Notice:  Undefined index: submissionProfile.topic in C:\xampp\htdocs\journal\pages\Dashboard\Writer\writer.php on line 115
[14-Jun-2019 06:46:47 Europe/Berlin] PHP Notice:  Undefined index: submissionProfile.PaperStatus in C:\xampp\htdocs\journal\pages\Dashboard\Writer\writer.php on line 116
[14-Jun-2019 06:46:47 Europe/Berlin] PHP Notice:  Undefined index: reviewStatus.WriterFeedback in C:\xampp\htdocs\journal\pages\Dashboard\Writer\writer.php on line 117
[16-Jun-2019 16:43:48 UTC] PHP Notice:  Undefined variable: sqlReviewStatus in C:\Users\Janet\Desktop\SENG300-HIVEMIND\pages\Dashboard\Writer\userHandler.php on line 77
[16-Jun-2019 16:43:48 UTC] PHP Warning:  mysqli::query(): Empty query in C:\Users\Janet\Desktop\SENG300-HIVEMIND\pages\Dashboard\Writer\userHandler.php on line 77
[16-Jun-2019 16:43:48 UTC] PHP Notice:  Undefined variable: sql in C:\Users\Janet\Desktop\SENG300-HIVEMIND\pages\Dashboard\Writer\userHandler.php on line 84
[16-Jun-2019 16:45:48 UTC] PHP Notice:  Undefined variable: sqlReviewStatus in C:\Users\Janet\Desktop\SENG300-HIVEMIND\pages\Dashboard\Writer\userHandler.php on line 76
[16-Jun-2019 16:45:48 UTC] PHP Warning:  mysqli::query(): Empty query in C:\Users\Janet\Desktop\SENG300-HIVEMIND\pages\Dashboard\Writer\userHandler.php on line 76
[16-Jun-2019 16:45:48 UTC] PHP Notice:  Undefined variable: sql in C:\Users\Janet\Desktop\SENG300-HIVEMIND\pages\Dashboard\Writer\userHandler.php on line 83
[16-Jun-2019 16:46:45 UTC] PHP Notice:  Undefined variable: sqlReviewStatus in C:\Users\Janet\Desktop\SENG300-HIVEMIND\pages\Dashboard\Writer\userHandler.php on line 76
[16-Jun-2019 16:46:45 UTC] PHP Warning:  mysqli::query(): Empty query in C:\Users\Janet\Desktop\SENG300-HIVEMIND\pages\Dashboard\Writer\userHandler.php on line 76
[16-Jun-2019 16:46:45 UTC] PHP Notice:  Undefined variable: sql in C:\Users\Janet\Desktop\SENG300-HIVEMIND\pages\Dashboard\Writer\userHandler.php on line 83
[16-Jun-2019 16:48:46 UTC] PHP Notice:  Undefined variable: sqlReviewStatus in C:\Users\Janet\Desktop\SENG300-HIVEMIND\pages\Dashboard\Writer\userHandler.php on line 76
[16-Jun-2019 16:48:46 UTC] PHP Warning:  mysqli::query(): Empty query in C:\Users\Janet\Desktop\SENG300-HIVEMIND\pages\Dashboard\Writer\userHandler.php on line 76
[16-Jun-2019 16:48:46 UTC] PHP Notice:  Undefined variable: sql in C:\Users\Janet\Desktop\SENG300-HIVEMIND\pages\Dashboard\Writer\userHandler.php on line 84
[17-Jun-2019 01:31:22 UTC] PHP Notice:  Undefined index: email in C:\Users\Janet\Desktop\SENG300-HIVEMIND\pages\Dashboard\Writer\writer.php on line 86
[17-Jun-2019 02:29:27 UTC] PHP Notice:  Undefined index: email in C:\Users\Janet\Desktop\SENG300-HIVEMIND\pages\Dashboard\Writer\writer.php on line 86
[17-Jun-2019 02:29:34 UTC] PHP Notice:  Undefined index: email in C:\Users\Janet\Desktop\SENG300-HIVEMIND\pages\Dashboard\Writer\writer.php on line 86
[17-Jun-2019 02:46:27 UTC] PHP Notice:  Undefined index: email in C:\Users\Janet\Desktop\SENG300-HIVEMIND\pages\Dashboard\Writer\writer.php on line 86
[17-Jun-2019 02:46:27 UTC] PHP Notice:  Undefined index: email in C:\Users\Janet\Desktop\SENG300-HIVEMIND\pages\Dashboard\Writer\writer.php on line 151
[17-Jun-2019 02:47:35 UTC] PHP Notice:  Undefined index: email in C:\Users\Janet\Desktop\SENG300-HIVEMIND\pages\Dashboard\Writer\writer.php on line 87
[17-Jun-2019 02:47:35 UTC] PHP Notice:  Undefined index: email in C:\Users\Janet\Desktop\SENG300-HIVEMIND\pages\Dashboard\Writer\writer.php on line 152
[17-Jun-2019 02:49:05 UTC] PHP Notice:  Undefined index: email in C:\Users\Janet\Desktop\SENG300-HIVEMIND\pages\Dashboard\Writer\writer.php on line 86
[17-Jun-2019 02:49:05 UTC] PHP Notice:  Undefined index: email in C:\Users\Janet\Desktop\SENG300-HIVEMIND\pages\Dashboard\Writer\writer.php on line 149
[17-Jun-2019 02:49:23 UTC] PHP Notice:  Undefined index: email in C:\Users\Janet\Desktop\SENG300-HIVEMIND\pages\Dashboard\Writer\writer.php on line 86
[17-Jun-2019 02:49:23 UTC] PHP Notice:  Undefined index: email in C:\Users\Janet\Desktop\SENG300-HIVEMIND\pages\Dashboard\Writer\writer.php on line 149
[17-Jun-2019 02:50:30 UTC] PHP Notice:  Undefined index: email in C:\Users\Janet\Desktop\SENG300-HIVEMIND\pages\Dashboard\Writer\writer.php on line 86
[17-Jun-2019 02:50:30 UTC] PHP Notice:  Undefined index: email in C:\Users\Janet\Desktop\SENG300-HIVEMIND\pages\Dashboard\Writer\writer.php on line 149
[17-Jun-2019 02:51:02 UTC] PHP Notice:  Undefined index: email in C:\Users\Janet\Desktop\SENG300-HIVEMIND\pages\Dashboard\Writer\writer.php on line 86
[17-Jun-2019 02:51:02 UTC] PHP Notice:  Undefined index: email in C:\Users\Janet\Desktop\SENG300-HIVEMIND\pages\Dashboard\Writer\writer.php on line 150
[17-Jun-2019 02:51:04 UTC] PHP Notice:  Undefined index: email in C:\Users\Janet\Desktop\SENG300-HIVEMIND\pages\Dashboard\Writer\writer.php on line 86
[17-Jun-2019 02:51:04 UTC] PHP Notice:  Undefined index: email in C:\Users\Janet\Desktop\SENG300-HIVEMIND\pages\Dashboard\Writer\writer.php on line 150
[17-Jun-2019 02:51:17 UTC] PHP Notice:  Undefined index: email in C:\Users\Janet\Desktop\SENG300-HIVEMIND\pages\Dashboard\Writer\writer.php on line 86
[17-Jun-2019 02:51:17 UTC] PHP Notice:  Undefined index: email in C:\Users\Janet\Desktop\SENG300-HIVEMIND\pages\Dashboard\Writer\writer.php on line 150
[17-Jun-2019 02:51:27 UTC] PHP Notice:  Undefined index: email in C:\Users\Janet\Desktop\SENG300-HIVEMIND\pages\Dashboard\Writer\writer.php on line 86
[17-Jun-2019 02:51:28 UTC] PHP Notice:  Undefined index: email in C:\Users\Janet\Desktop\SENG300-HIVEMIND\pages\Dashboard\Writer\writer.php on line 150
[17-Jun-2019 02:51:52 UTC] PHP Notice:  Undefined index: email in C:\Users\Janet\Desktop\SENG300-HIVEMIND\pages\Dashboard\Writer\writer.php on line 86
[17-Jun-2019 02:51:52 UTC] PHP Notice:  Undefined index: email in C:\Users\Janet\Desktop\SENG300-HIVEMIND\pages\Dashboard\Writer\writer.php on line 151
[17-Jun-2019 02:51:54 UTC] PHP Notice:  Undefined index: email in C:\Users\Janet\Desktop\SENG300-HIVEMIND\pages\Dashboard\Writer\writer.php on line 86
[17-Jun-2019 02:51:54 UTC] PHP Notice:  Undefined index: email in C:\Users\Janet\Desktop\SENG300-HIVEMIND\pages\Dashboard\Writer\writer.php on line 151
[17-Jun-2019 02:52:11 UTC] PHP Notice:  Undefined index: email in C:\Users\Janet\Desktop\SENG300-HIVEMIND\pages\Dashboard\Writer\writer.php on line 86
[17-Jun-2019 02:52:11 UTC] PHP Notice:  Undefined index: email in C:\Users\Janet\Desktop\SENG300-HIVEMIND\pages\Dashboard\Writer\writer.php on line 152
[17-Jun-2019 02:53:09 UTC] PHP Notice:  Undefined index: email in C:\Users\Janet\Desktop\SENG300-HIVEMIND\pages\Dashboard\Writer\writer.php on line 86
[17-Jun-2019 02:53:09 UTC] PHP Notice:  Undefined index: email in C:\Users\Janet\Desktop\SENG300-HIVEMIND\pages\Dashboard\Writer\writer.php on line 152
[17-Jun-2019 02:53:10 UTC] PHP Notice:  Undefined index: email in C:\Users\Janet\Desktop\SENG300-HIVEMIND\pages\Dashboard\Writer\writer.php on line 86
[17-Jun-2019 02:53:10 UTC] PHP Notice:  Undefined index: email in C:\Users\Janet\Desktop\SENG300-HIVEMIND\pages\Dashboard\Writer\writer.php on line 152
[17-Jun-2019 02:53:24 UTC] PHP Notice:  Undefined index: email in C:\Users\Janet\Desktop\SENG300-HIVEMIND\pages\Dashboard\Writer\writer.php on line 86
[17-Jun-2019 02:53:24 UTC] PHP Notice:  Undefined index: email in C:\Users\Janet\Desktop\SENG300-HIVEMIND\pages\Dashboard\Writer\writer.php on line 153
[17-Jun-2019 02:53:35 UTC] PHP Notice:  Undefined index: email in C:\Users\Janet\Desktop\SENG300-HIVEMIND\pages\Dashboard\Writer\writer.php on line 86
[17-Jun-2019 02:53:35 UTC] PHP Notice:  Undefined index: email in C:\Users\Janet\Desktop\SENG300-HIVEMIND\pages\Dashboard\Writer\writer.php on line 151
[17-Jun-2019 02:53:36 UTC] PHP Notice:  Undefined index: email in C:\Users\Janet\Desktop\SENG300-HIVEMIND\pages\Dashboard\Writer\writer.php on line 86
[17-Jun-2019 02:53:36 UTC] PHP Notice:  Undefined index: email in C:\Users\Janet\Desktop\SENG300-HIVEMIND\pages\Dashboard\Writer\writer.php on line 151
