[03-Jun-2019 09:47:46 Europe/Berlin] 1
[03-Jun-2019 09:47:46 Europe/Berlin] 1
[03-Jun-2019 09:47:46 Europe/Berlin] here
[03-Jun-2019 09:47:46 Europe/Berlin] 
[03-Jun-2019 09:48:31 Europe/Berlin] 1
[03-Jun-2019 09:48:31 Europe/Berlin] 1
[03-Jun-2019 09:48:31 Europe/Berlin] here
[03-Jun-2019 09:48:31 Europe/Berlin] Column count doesn't match value count at row 1
[03-Jun-2019 09:49:03 Europe/Berlin] 1
[03-Jun-2019 09:49:03 Europe/Berlin] 1
[03-Jun-2019 09:49:03 Europe/Berlin] here
[03-Jun-2019 09:49:03 Europe/Berlin] 
[03-Jun-2019 09:49:46 Europe/Berlin] 1
[03-Jun-2019 09:49:46 Europe/Berlin] 1
[03-Jun-2019 09:49:46 Europe/Berlin] here
[03-Jun-2019 09:49:46 Europe/Berlin] 
[03-Jun-2019 09:53:25 Europe/Berlin] 1
[03-Jun-2019 09:53:25 Europe/Berlin] 1
[03-Jun-2019 09:53:25 Europe/Berlin] here
[03-Jun-2019 09:53:25 Europe/Berlin] Duplicate entry '2' for key 'PRIMARY'
[03-Jun-2019 09:53:29 Europe/Berlin] 0
[03-Jun-2019 09:53:29 Europe/Berlin] 0
[03-Jun-2019 09:53:39 Europe/Berlin] 0
[03-Jun-2019 09:53:39 Europe/Berlin] 0
[03-Jun-2019 09:53:46 Europe/Berlin] 0
[03-Jun-2019 09:53:46 Europe/Berlin] 0
[03-Jun-2019 09:53:50 Europe/Berlin] 0
[03-Jun-2019 09:53:50 Europe/Berlin] 1
[03-Jun-2019 10:03:13 Europe/Berlin] 0
[03-Jun-2019 10:03:13 Europe/Berlin] 0
[03-Jun-2019 10:03:39 Europe/Berlin] 0
[03-Jun-2019 10:03:39 Europe/Berlin] 0
[03-Jun-2019 10:03:42 Europe/Berlin] 0
[03-Jun-2019 10:03:42 Europe/Berlin] 0
