[03-Jun-2019 07:28:22 Europe/Berlin] PHP Warning:  include(../errors/errors.php): failed to open stream: No such file or directory in E:\xampp\htdocs\SENG300-HIVEMIND-master\pages\Dashboard\Editor\editor.php on line 38
[03-Jun-2019 07:28:22 Europe/Berlin] PHP Warning:  include(): Failed opening '../errors/errors.php' for inclusion (include_path='E:\xampp\php\PEAR') in E:\xampp\htdocs\SENG300-HIVEMIND-master\pages\Dashboard\Editor\editor.php on line 38
[03-Jun-2019 07:31:24 Europe/Berlin] PHP Warning:  include(.../errors/errors.php): failed to open stream: No such file or directory in E:\xampp\htdocs\SENG300-HIVEMIND-master\pages\Dashboard\Editor\editor.php on line 38
[03-Jun-2019 07:31:24 Europe/Berlin] PHP Warning:  include(): Failed opening '.../errors/errors.php' for inclusion (include_path='E:\xampp\php\PEAR') in E:\xampp\htdocs\SENG300-HIVEMIND-master\pages\Dashboard\Editor\editor.php on line 38
[03-Jun-2019 07:31:29 Europe/Berlin] PHP Warning:  include(..../errors/errors.php): failed to open stream: No such file or directory in E:\xampp\htdocs\SENG300-HIVEMIND-master\pages\Dashboard\Editor\editor.php on line 38
[03-Jun-2019 07:31:29 Europe/Berlin] PHP Warning:  include(): Failed opening '..../errors/errors.php' for inclusion (include_path='E:\xampp\php\PEAR') in E:\xampp\htdocs\SENG300-HIVEMIND-master\pages\Dashboard\Editor\editor.php on line 38
[03-Jun-2019 07:31:45 Europe/Berlin] PHP Warning:  include(..../errors/errors.php): failed to open stream: No such file or directory in E:\xampp\htdocs\SENG300-HIVEMIND-master\pages\Dashboard\Editor\editor.php on line 38
[03-Jun-2019 07:31:45 Europe/Berlin] PHP Warning:  include(): Failed opening '..../errors/errors.php' for inclusion (include_path='E:\xampp\php\PEAR') in E:\xampp\htdocs\SENG300-HIVEMIND-master\pages\Dashboard\Editor\editor.php on line 38
[03-Jun-2019 07:31:52 Europe/Berlin] PHP Warning:  include(errors.php): failed to open stream: No such file or directory in E:\xampp\htdocs\SENG300-HIVEMIND-master\pages\Dashboard\Editor\editor.php on line 38
[03-Jun-2019 07:31:52 Europe/Berlin] PHP Warning:  include(): Failed opening 'errors.php' for inclusion (include_path='E:\xampp\php\PEAR') in E:\xampp\htdocs\SENG300-HIVEMIND-master\pages\Dashboard\Editor\editor.php on line 38
[03-Jun-2019 07:31:57 Europe/Berlin] PHP Warning:  include(/errors.php): failed to open stream: No such file or directory in E:\xampp\htdocs\SENG300-HIVEMIND-master\pages\Dashboard\Editor\editor.php on line 38
[03-Jun-2019 07:31:57 Europe/Berlin] PHP Warning:  include(): Failed opening '/errors.php' for inclusion (include_path='E:\xampp\php\PEAR') in E:\xampp\htdocs\SENG300-HIVEMIND-master\pages\Dashboard\Editor\editor.php on line 38
[03-Jun-2019 07:31:57 Europe/Berlin] PHP Warning:  include(/errors.php): failed to open stream: No such file or directory in E:\xampp\htdocs\SENG300-HIVEMIND-master\pages\Dashboard\Editor\editor.php on line 38
[03-Jun-2019 07:31:57 Europe/Berlin] PHP Warning:  include(): Failed opening '/errors.php' for inclusion (include_path='E:\xampp\php\PEAR') in E:\xampp\htdocs\SENG300-HIVEMIND-master\pages\Dashboard\Editor\editor.php on line 38
[03-Jun-2019 07:32:00 Europe/Berlin] PHP Warning:  include(./errors.php): failed to open stream: No such file or directory in E:\xampp\htdocs\SENG300-HIVEMIND-master\pages\Dashboard\Editor\editor.php on line 38
[03-Jun-2019 07:32:00 Europe/Berlin] PHP Warning:  include(): Failed opening './errors.php' for inclusion (include_path='E:\xampp\php\PEAR') in E:\xampp\htdocs\SENG300-HIVEMIND-master\pages\Dashboard\Editor\editor.php on line 38
[03-Jun-2019 07:32:04 Europe/Berlin] PHP Warning:  include(../errors.php): failed to open stream: No such file or directory in E:\xampp\htdocs\SENG300-HIVEMIND-master\pages\Dashboard\Editor\editor.php on line 38
[03-Jun-2019 07:32:04 Europe/Berlin] PHP Warning:  include(): Failed opening '../errors.php' for inclusion (include_path='E:\xampp\php\PEAR') in E:\xampp\htdocs\SENG300-HIVEMIND-master\pages\Dashboard\Editor\editor.php on line 38
[03-Jun-2019 07:32:20 Europe/Berlin] PHP Warning:  include(...../errors.php): failed to open stream: No such file or directory in E:\xampp\htdocs\SENG300-HIVEMIND-master\pages\Dashboard\Editor\editor.php on line 38
[03-Jun-2019 07:32:20 Europe/Berlin] PHP Warning:  include(): Failed opening '...../errors.php' for inclusion (include_path='E:\xampp\php\PEAR') in E:\xampp\htdocs\SENG300-HIVEMIND-master\pages\Dashboard\Editor\editor.php on line 38
[03-Jun-2019 07:32:32 Europe/Berlin] PHP Warning:  include(....../errors/errors.php): failed to open stream: No such file or directory in E:\xampp\htdocs\SENG300-HIVEMIND-master\pages\Dashboard\Editor\editor.php on line 38
[03-Jun-2019 07:32:32 Europe/Berlin] PHP Warning:  include(): Failed opening '....../errors/errors.php' for inclusion (include_path='E:\xampp\php\PEAR') in E:\xampp\htdocs\SENG300-HIVEMIND-master\pages\Dashboard\Editor\editor.php on line 38
[03-Jun-2019 07:32:36 Europe/Berlin] PHP Warning:  include(...../errors/errors.php): failed to open stream: No such file or directory in E:\xampp\htdocs\SENG300-HIVEMIND-master\pages\Dashboard\Editor\editor.php on line 38
[03-Jun-2019 07:32:36 Europe/Berlin] PHP Warning:  include(): Failed opening '...../errors/errors.php' for inclusion (include_path='E:\xampp\php\PEAR') in E:\xampp\htdocs\SENG300-HIVEMIND-master\pages\Dashboard\Editor\editor.php on line 38
[03-Jun-2019 07:32:39 Europe/Berlin] PHP Warning:  include(..../errors/errors.php): failed to open stream: No such file or directory in E:\xampp\htdocs\SENG300-HIVEMIND-master\pages\Dashboard\Editor\editor.php on line 38
[03-Jun-2019 07:32:39 Europe/Berlin] PHP Warning:  include(): Failed opening '..../errors/errors.php' for inclusion (include_path='E:\xampp\php\PEAR') in E:\xampp\htdocs\SENG300-HIVEMIND-master\pages\Dashboard\Editor\editor.php on line 38
[03-Jun-2019 07:33:20 Europe/Berlin] PHP Warning:  include(../errors/errors.php): failed to open stream: No such file or directory in E:\xampp\htdocs\SENG300-HIVEMIND-master\pages\Dashboard\Editor\editor.php on line 38
[03-Jun-2019 07:33:20 Europe/Berlin] PHP Warning:  include(): Failed opening '../errors/errors.php' for inclusion (include_path='E:\xampp\php\PEAR') in E:\xampp\htdocs\SENG300-HIVEMIND-master\pages\Dashboard\Editor\editor.php on line 38
[03-Jun-2019 07:47:01 Europe/Berlin] PHP Warning:  error_log() expects parameter 1 to be string, object given in E:\xampp\htdocs\SENG300-HIVEMIND-master\pages\Dashboard\Editor\writerHandler.php on line 16
[03-Jun-2019 07:47:30 Europe/Berlin] 
[03-Jun-2019 08:08:52 Europe/Berlin] PHP Notice:  Undefined index:  in E:\xampp\htdocs\SENG300-HIVEMIND-master\pages\Dashboard\Editor\editorHandler.php on line 32
[03-Jun-2019 08:08:52 Europe/Berlin] PHP Notice:  Undefined index:  in E:\xampp\htdocs\SENG300-HIVEMIND-master\pages\Dashboard\Editor\editorHandler.php on line 32
